0 info it worked if it ends with ok
1 verbose cli [ '/usr/bin/node',
1 verbose cli   '/usr/bin/npm',
1 verbose cli   'install',
1 verbose cli   'jquery',
1 verbose cli   '-g',
1 verbose cli   '--save' ]
2 info using npm@3.10.10
3 info using node@v6.12.3
4 silly loadCurrentTree Starting
5 silly install loadCurrentTree
6 silly install readGlobalPackageData
7 silly fetchPackageMetaData jquery
8 silly fetchNamedPackageData jquery
9 silly mapToRegistry name jquery
10 silly mapToRegistry using default registry
11 silly mapToRegistry registry https://registry.npmjs.org/
12 silly mapToRegistry data Result {
12 silly mapToRegistry   raw: 'jquery',
12 silly mapToRegistry   scope: null,
12 silly mapToRegistry   escapedName: 'jquery',
12 silly mapToRegistry   name: 'jquery',
12 silly mapToRegistry   rawSpec: '',
12 silly mapToRegistry   spec: 'latest',
12 silly mapToRegistry   type: 'tag' }
13 silly mapToRegistry uri https://registry.npmjs.org/jquery
14 verbose request uri https://registry.npmjs.org/jquery
15 verbose request no auth needed
16 info attempt registry request try #1 at 7:40:18 PM
17 verbose request id 1d15b595e8059add
18 verbose etag "5aac9424-17db2"
19 verbose lastModified Sat, 17 Mar 2018 4:05:56 GMT
20 http request GET https://registry.npmjs.org/jquery
21 http 304 https://registry.npmjs.org/jquery
22 verbose headers { date: 'Mon, 14 May 2018 14:05:31 GMT',
22 verbose headers   via: '1.1 varnish',
22 verbose headers   'cache-control': 'max-age=300',
22 verbose headers   etag: '"5aac9424-17db2"',
22 verbose headers   age: '12739',
22 verbose headers   connection: 'keep-alive',
22 verbose headers   'x-served-by': 'cache-lhr6321-LHR',
22 verbose headers   'x-cache': 'HIT',
22 verbose headers   'x-cache-hits': '4',
22 verbose headers   'x-timer': 'S1526306732.738346,VS0,VE0',
22 verbose headers   vary: 'Accept-Encoding, Accept' }
23 silly get cb [ 304,
23 silly get   { date: 'Mon, 14 May 2018 14:05:31 GMT',
23 silly get     via: '1.1 varnish',
23 silly get     'cache-control': 'max-age=300',
23 silly get     etag: '"5aac9424-17db2"',
23 silly get     age: '12739',
23 silly get     connection: 'keep-alive',
23 silly get     'x-served-by': 'cache-lhr6321-LHR',
23 silly get     'x-cache': 'HIT',
23 silly get     'x-cache-hits': '4',
23 silly get     'x-timer': 'S1526306732.738346,VS0,VE0',
23 silly get     vary: 'Accept-Encoding, Accept' } ]
24 verbose etag https://registry.npmjs.org/jquery from cache
25 verbose get saving jquery to /home/niskarsh-potter/.npm/registry.npmjs.org/jquery/.cache.json
26 verbose correctMkdir /home/niskarsh-potter/.npm correctMkdir not in flight; initializing
27 silly install normalizeTree
28 silly loadCurrentTree Finishing
29 silly loadIdealTree Starting
30 silly install loadIdealTree
31 silly cloneCurrentTree Starting
32 silly install cloneCurrentTreeToIdealTree
33 silly cloneCurrentTree Finishing
34 silly loadShrinkwrap Starting
35 silly install loadShrinkwrap
36 silly loadShrinkwrap Finishing
37 silly loadAllDepsIntoIdealTree Starting
38 silly install loadAllDepsIntoIdealTree
39 silly resolveWithNewModule jquery@3.3.1 checking installable status
40 silly cache add args [ 'jquery', null ]
41 verbose cache add spec jquery
42 silly cache add parsed spec Result {
42 silly cache add   raw: 'jquery',
42 silly cache add   scope: null,
42 silly cache add   escapedName: 'jquery',
42 silly cache add   name: 'jquery',
42 silly cache add   rawSpec: '',
42 silly cache add   spec: 'latest',
42 silly cache add   type: 'tag' }
43 silly addNamed jquery@latest
44 verbose addNamed "latest" is being treated as a dist-tag for jquery
45 info addNameTag [ 'jquery', 'latest' ]
46 silly mapToRegistry name jquery
47 silly mapToRegistry using default registry
48 silly mapToRegistry registry https://registry.npmjs.org/
49 silly mapToRegistry data Result {
49 silly mapToRegistry   raw: 'jquery',
49 silly mapToRegistry   scope: null,
49 silly mapToRegistry   escapedName: 'jquery',
49 silly mapToRegistry   name: 'jquery',
49 silly mapToRegistry   rawSpec: '',
49 silly mapToRegistry   spec: 'latest',
49 silly mapToRegistry   type: 'tag' }
50 silly mapToRegistry uri https://registry.npmjs.org/jquery
51 verbose addNameTag registry:https://registry.npmjs.org/jquery not in flight; fetching
52 verbose get https://registry.npmjs.org/jquery not expired, no request
53 silly addNameTag next cb for jquery with tag latest
54 silly addNamed jquery@3.3.1
55 verbose addNamed "3.3.1" is a plain semver version for jquery
56 silly cache afterAdd jquery@3.3.1
57 verbose afterAdd /home/niskarsh-potter/.npm/jquery/3.3.1/package/package.json not in flight; writing
58 verbose correctMkdir /home/niskarsh-potter/.npm correctMkdir not in flight; initializing
59 verbose afterAdd /home/niskarsh-potter/.npm/jquery/3.3.1/package/package.json written
60 silly loadAllDepsIntoIdealTree Finishing
61 silly loadIdealTree Finishing
62 silly currentTree lib
63 silly idealTree lib
63 silly idealTree `-- jquery@3.3.1
64 silly generateActionsToTake Starting
65 silly install generateActionsToTake
66 warn checkPermissions Missing write access to /usr/lib/node_modules
67 silly rollbackFailedOptional Starting
68 silly rollbackFailedOptional Finishing
69 silly runTopLevelLifecycles Finishing
70 silly install printInstalled
71 verbose stack Error: EACCES: permission denied, access '/usr/lib/node_modules'
71 verbose stack     at Error (native)
72 verbose cwd /home/niskarsh-potter/Desktop/Mern
73 error Linux 4.4.0-93-generic
74 error argv "/usr/bin/node" "/usr/bin/npm" "install" "jquery" "-g" "--save"
75 error node v6.12.3
76 error npm  v3.10.10
77 error path /usr/lib/node_modules
78 error code EACCES
79 error errno -13
80 error syscall access
81 error Error: EACCES: permission denied, access '/usr/lib/node_modules'
81 error     at Error (native)
81 error  { Error: EACCES: permission denied, access '/usr/lib/node_modules'
81 error     at Error (native)
81 error   errno: -13,
81 error   code: 'EACCES',
81 error   syscall: 'access',
81 error   path: '/usr/lib/node_modules' }
82 error Please try running this command again as root/Administrator.
83 verbose exit [ -13, true ]
